0.866055 -0.499948 0.866055 -0.499948 0.173035 0.984916 0.173035 0.984916 0 0.685098
0.984601 0.174816 0.984601 0.174816 -0.501514 0.86515 -0.501514 0.86515 0 1.3702
0.641015 0.767528 0.641015 0.767528 -0.940672 0.339317 -0.940672 0.339317 0 2.05529
-0.00343762 0.999994 -0.00343762 0.999994 -0.938317 -0.345777 -0.938317 -0.345777 0 2.74039
-0.646277 0.763103 -0.646277 0.763103 -0.495554 -0.868577 -0.495554 -0.868577 0 3.42549
-0.98578 0.168042 -0.98578 0.168042 0.179802 -0.983703 0.179802 -0.983703 0 4.11059
-0.862598 -0.505891 -0.862598 -0.505891 0.770766 -0.637118 0.770766 -0.637118 0 4.79569
-0.334547 -0.942379 -0.334547 -0.942379 0.999964 0.00850418 0.999964 0.00850418 0 5.48079
-0.0603454 -0.940047 -0.0603454 -0.940047 -0.999995 -0.00316537 -0.999995 -0.00316537 0 5.755
-0.338607 -0.940928 -0.338607 -0.940928 -0.76867 0.639646 -0.76867 0.639646 0 6.03326
-0.863737 -0.503943 -0.863737 -0.503943 -0.178593 0.983923 -0.178593 0.983923 0 6.71643
-0.985746 0.168241 -0.985746 0.168241 0.494836 0.868986 0.494836 0.868986 0 7.39959
-0.64769 0.761904 -0.64769 0.761904 0.937317 0.348478 0.937317 0.348478 0 8.08276
-0.00734571 0.999973 -0.00734571 0.999973 0.942335 -0.334671 0.942335 -0.334671 0 8.76593
0.636427 0.771337 0.636427 0.771337 0.507549 -0.861623 0.507549 -0.861623 0 9.4491
0.983168 0.182705 0.983168 0.182705 -0.164119 -0.986441 -0.164119 -0.986441 0 10.1323
0.871047 -0.491199 0.871047 -0.491199 -0.75919 -0.650869 -0.75919 -0.650869 0 10.8154
0.352394 -0.935852 0.352394 -0.935852 -0.999934 -0.0115259 -0.999934 -0.0115259 0 11.4986
0.0603446 -0.939218 0.0603446 -0.939218 0.999991 0.00427456 0.999991 0.00427456 0 11.7907
0.34665 -0.937994 0.34665 -0.937994 0.76244 0.647059 0.76244 0.647059 0 12.077
0.869132 -0.494581 0.869132 -0.494581 0.166845 0.985983 0.166845 0.985983 0 12.7623
0.983467 0.181089 0.983467 0.181089 -0.5071 0.861887 -0.5071 0.861887 0 13.4475
0.635963 0.771719 0.635963 0.771719 -0.94291 0.333047 -0.94291 0.333047 0 14.1328
-0.01019 0.999948 -0.01019 0.999948 -0.935927 -0.352193 -0.935927 -0.352193 0 14.8181
-0.651558 0.758599 -0.651558 0.758599 -0.489431 -0.872042 -0.489431 -0.872042 0 15.5034
-0.986953 0.16101 -0.986953 0.16101 0.186904 -0.982378 0.186904 -0.982378 0 16.1886
-0.858872 -0.51219 -0.858872 -0.51219 0.775468 -0.631387 0.775468 -0.631387 0 16.8739
-0.327463 -0.944864 -0.327463 -0.944864 0.99987 0.0161051 0.99987 0.0161051 0 17.5592
-0.0603402 -0.940561 -0.0603402 -0.940561 -0.999921 -0.0126085 -0.999921 -0.0126085 0 17.8263
-0.330053 -0.943962 -0.330053 -0.943962 -0.774211 0.632928 -0.774211 0.632928 0 18.0961
-0.859503 -0.51113 -0.859503 -0.51113 -0.186433 0.982468 -0.186433 0.982468 0 18.7799
-0.986997 0.160738 -0.986997 0.160738 0.488533 0.872546 0.488533 0.872546 0 19.4638
-0.65291 0.757435 -0.65291 0.757435 0.93503 0.354567 0.93503 0.354567 0 20.1476
-0.0134821 0.999909 -0.0134821 0.999909 0.94425 -0.329228 0.94425 -0.329228 0 20.8315
0.632251 0.774764 0.632251 0.774764 0.511881 -0.859057 0.511881 -0.859057 0 21.5154
0.982304 0.187291 0.982304 0.187291 -0.159876 -0.987137 -0.159876 -0.987137 0 22.1992
0.872972 -0.48777 0.872972 -0.48777 -0.756865 -0.653572 -0.756865 -0.653572 0 22.8831
0.355384 -0.93472 0.355384 -0.93472 -0.999897 -0.0143557 -0.999897 -0.0143557 0 23.5669
0.0603419 -0.938956 0.0603419 -0.938956 0.999949 0.0101254 0.999949 0.0101254 0 23.862
0.351992 -0.936003 0.351992 -0.936003 0.758837 0.651281 0.758837 0.651281 0 24.1537
0.871789 -0.489881 0.871789 -0.489881 0.161668 0.986845 0.161668 0.986845 0 24.8387
0.982531 0.186101 0.982531 0.186101 -0.511359 0.859367 -0.511359 0.859367 0 25.5237
0.632254 0.774761 0.632254 0.774761 -0.944448 0.328662 -0.944448 0.328662 0 26.2086
-0.0146859 0.999892 -0.0146859 0.999892 -0.934388 -0.356257 -0.934388 -0.356257 0 26.8936
-0.654735 0.755859 -0.654735 0.755859 -0.4859 -0.874015 -0.4859 -0.874015 0 27.5786
-0.987572 0.157165 -0.987572 0.157165 0.19058 -0.981672 0.19058 -0.981672 0 28.2636
-0.857026 -0.515273 -0.857026 -0.515273 0.777637 -0.628714 0.777637 -0.628714 0 28.9486
-0.324351 -0.945937 -0.324351 -0.945937 0.999815 0.0192461 0.999815 0.0192461 0 29.6336
-0.0603353 -0.940855 -0.0603353 -0.940855 -0.999816 -0.0191875 -0.999816 -0.0191875 0 29.8977
-0.324394 -0.945922 -0.324394 -0.945922 -0.777617 0.628738 -0.777617 0.628738 0 30.1618
